-------------------------------------------------------------------------------
Test set: TestSuite
-------------------------------------------------------------------------------
Tests run: 4, Failures: 1, Errors: 0, Skipped: 0, Time elapsed: 2.409 s <<< FAILURE! - in TestSuite
project.Testng.abc  Time elapsed: 0.128 s  <<< FAILURE!
java.lang.AssertionError: expected [false] but found [true]
	at project.Testng.abc(Testng.java:13)

